{"/home/bishop/School/Exercises/express-biztime/app.js": {"path":"/home/bishop/School/Exercises/express-biztime/app.js","statementMap":{"0":{"start":{"line":3,"column":16},"end":{"line":3,"column":34}},"1":{"start":{"line":4,"column":12},"end":{"line":4,"column":21}},"2":{"start":{"line":5,"column":21},"end":{"line":5,"column":46}},"3":{"start":{"line":7,"column":0},"end":{"line":7,"column":24}},"4":{"start":{"line":9,"column":24},"end":{"line":9,"column":53}},"5":{"start":{"line":10,"column":0},"end":{"line":10,"column":39}},"6":{"start":{"line":14,"column":0},"end":{"line":17,"column":3}},"7":{"start":{"line":15,"column":14},"end":{"line":15,"column":48}},"8":{"start":{"line":16,"column":2},"end":{"line":16,"column":19}},"9":{"start":{"line":21,"column":0},"end":{"line":28,"column":3}},"10":{"start":{"line":22,"column":2},"end":{"line":22,"column":32}},"11":{"start":{"line":24,"column":2},"end":{"line":27,"column":5}},"12":{"start":{"line":31,"column":0},"end":{"line":31,"column":21}}},"fnMap":{"0":{"name":"(anonymous_0)","decl":{"start":{"line":14,"column":8},"end":{"line":14,"column":9}},"loc":{"start":{"line":14,"column":33},"end":{"line":17,"column":1}},"line":14},"1":{"name":"(anonymous_1)","decl":{"start":{"line":21,"column":8},"end":{"line":21,"column":9}},"loc":{"start":{"line":21,"column":33},"end":{"line":28,"column":1}},"line":21}},"branchMap":{"0":{"loc":{"start":{"line":22,"column":13},"end":{"line":22,"column":30}},"type":"binary-expr","locations":[{"start":{"line":22,"column":13},"end":{"line":22,"column":23}},{"start":{"line":22,"column":27},"end":{"line":22,"column":30}}],"line":22}},"s":{"0":2,"1":2,"2":2,"3":2,"4":2,"5":2,"6":2,"7":6,"8":6,"9":2,"10":6,"11":6,"12":2},"f":{"0":6,"1":6},"b":{"0":[6,0]},"_coverageSchema":"1a1c01bbd47fc00a2c39e90264f33305004495a9","hash":"9e4263ee85c7838821aa63217b0cb44b9d29854a"}
,"/home/bishop/School/Exercises/express-biztime/db.js": {"path":"/home/bishop/School/Exercises/express-biztime/db.js","statementMap":{"0":{"start":{"line":3,"column":19},"end":{"line":3,"column":32}},"1":{"start":{"line":5,"column":15},"end":{"line":7,"column":2}},"2":{"start":{"line":9,"column":0},"end":{"line":9,"column":17}},"3":{"start":{"line":11,"column":0},"end":{"line":11,"column":24}}},"fnMap":{},"branchMap":{},"s":{"0":2,"1":2,"2":2,"3":2},"f":{},"b":{},"_coverageSchema":"1a1c01bbd47fc00a2c39e90264f33305004495a9","hash":"cdb6f39557aefa5ec9fdecff853c2fb4684da030"}
,"/home/bishop/School/Exercises/express-biztime/expressError.js": {"path":"/home/bishop/School/Exercises/express-biztime/expressError.js","statementMap":{"0":{"start":{"line":9,"column":4},"end":{"line":9,"column":12}},"1":{"start":{"line":10,"column":4},"end":{"line":10,"column":27}},"2":{"start":{"line":11,"column":4},"end":{"line":11,"column":25}},"3":{"start":{"line":12,"column":4},"end":{"line":12,"column":30}},"4":{"start":{"line":17,"column":0},"end":{"line":17,"column":30}}},"fnMap":{"0":{"name":"(anonymous_0)","decl":{"start":{"line":8,"column":2},"end":{"line":8,"column":3}},"loc":{"start":{"line":8,"column":31},"end":{"line":13,"column":3}},"line":8}},"branchMap":{},"s":{"0":6,"1":6,"2":6,"3":6,"4":2},"f":{"0":6},"b":{},"_coverageSchema":"1a1c01bbd47fc00a2c39e90264f33305004495a9","hash":"03baeb044909bfef4a629a73df43545fab4a6fc5"}
,"/home/bishop/School/Exercises/express-biztime/routes/companies.js": {"path":"/home/bishop/School/Exercises/express-biztime/routes/companies.js","statementMap":{"0":{"start":{"line":1,"column":16},"end":{"line":1,"column":34}},"1":{"start":{"line":2,"column":21},"end":{"line":2,"column":47}},"2":{"start":{"line":3,"column":15},"end":{"line":3,"column":31}},"3":{"start":{"line":4,"column":11},"end":{"line":4,"column":27}},"4":{"start":{"line":5,"column":16},"end":{"line":5,"column":34}},"5":{"start":{"line":8,"column":0},"end":{"line":17,"column":2}},"6":{"start":{"line":9,"column":4},"end":{"line":16,"column":5}},"7":{"start":{"line":10,"column":24},"end":{"line":12,"column":9}},"8":{"start":{"line":13,"column":8},"end":{"line":13,"column":50}},"9":{"start":{"line":15,"column":8},"end":{"line":15,"column":23}},"10":{"start":{"line":19,"column":0},"end":{"line":30,"column":3}},"11":{"start":{"line":20,"column":4},"end":{"line":29,"column":5}},"12":{"start":{"line":21,"column":23},"end":{"line":21,"column":97}},"13":{"start":{"line":23,"column":8},"end":{"line":25,"column":9}},"14":{"start":{"line":24,"column":12},"end":{"line":24,"column":79}},"15":{"start":{"line":26,"column":8},"end":{"line":26,"column":51}},"16":{"start":{"line":28,"column":8},"end":{"line":28,"column":24}},"17":{"start":{"line":32,"column":0},"end":{"line":42,"column":3}},"18":{"start":{"line":33,"column":4},"end":{"line":41,"column":5}},"19":{"start":{"line":34,"column":38},"end":{"line":34,"column":46}},"20":{"start":{"line":35,"column":21},"end":{"line":35,"column":62}},"21":{"start":{"line":36,"column":23},"end":{"line":36,"column":168}},"22":{"start":{"line":38,"column":8},"end":{"line":38,"column":63}},"23":{"start":{"line":40,"column":8},"end":{"line":40,"column":24}},"24":{"start":{"line":44,"column":0},"end":{"line":56,"column":3}},"25":{"start":{"line":45,"column":4},"end":{"line":55,"column":5}},"26":{"start":{"line":46,"column":38},"end":{"line":46,"column":46}},"27":{"start":{"line":47,"column":23},"end":{"line":47,"column":171}},"28":{"start":{"line":49,"column":8},"end":{"line":51,"column":9}},"29":{"start":{"line":50,"column":12},"end":{"line":50,"column":79}},"30":{"start":{"line":52,"column":8},"end":{"line":52,"column":51}},"31":{"start":{"line":54,"column":8},"end":{"line":54,"column":24}},"32":{"start":{"line":58,"column":0},"end":{"line":73,"column":5}},"33":{"start":{"line":59,"column":4},"end":{"line":72,"column":5}},"34":{"start":{"line":60,"column":21},"end":{"line":63,"column":7}},"35":{"start":{"line":65,"column":6},"end":{"line":67,"column":7}},"36":{"start":{"line":66,"column":8},"end":{"line":66,"column":75}},"37":{"start":{"line":69,"column":6},"end":{"line":69,"column":43}},"38":{"start":{"line":71,"column":6},"end":{"line":71,"column":21}},"39":{"start":{"line":76,"column":0},"end":{"line":76,"column":24}}},"fnMap":{"0":{"name":"(anonymous_0)","decl":{"start":{"line":8,"column":16},"end":{"line":8,"column":17}},"loc":{"start":{"line":8,"column":36},"end":{"line":17,"column":1}},"line":8},"1":{"name":"(anonymous_1)","decl":{"start":{"line":19,"column":21},"end":{"line":19,"column":22}},"loc":{"start":{"line":19,"column":47},"end":{"line":30,"column":1}},"line":19},"2":{"name":"(anonymous_2)","decl":{"start":{"line":32,"column":17},"end":{"line":32,"column":18}},"loc":{"start":{"line":32,"column":43},"end":{"line":42,"column":1}},"line":32},"3":{"name":"(anonymous_3)","decl":{"start":{"line":44,"column":23},"end":{"line":44,"column":24}},"loc":{"start":{"line":44,"column":49},"end":{"line":56,"column":1}},"line":44},"4":{"name":"(anonymous_4)","decl":{"start":{"line":58,"column":24},"end":{"line":58,"column":25}},"loc":{"start":{"line":58,"column":50},"end":{"line":73,"column":3}},"line":58}},"branchMap":{"0":{"loc":{"start":{"line":23,"column":8},"end":{"line":25,"column":9}},"type":"if","locations":[{"start":{"line":23,"column":8},"end":{"line":25,"column":9}},{"start":{},"end":{}}],"line":23},"1":{"loc":{"start":{"line":49,"column":8},"end":{"line":51,"column":9}},"type":"if","locations":[{"start":{"line":49,"column":8},"end":{"line":51,"column":9}},{"start":{},"end":{}}],"line":49},"2":{"loc":{"start":{"line":65,"column":6},"end":{"line":67,"column":7}},"type":"if","locations":[{"start":{"line":65,"column":6},"end":{"line":67,"column":7}},{"start":{},"end":{}}],"line":65}},"s":{"0":2,"1":2,"2":2,"3":2,"4":2,"5":2,"6":0,"7":0,"8":0,"9":0,"10":2,"11":0,"12":0,"13":0,"14":0,"15":0,"16":0,"17":2,"18":0,"19":0,"20":0,"21":0,"22":0,"23":0,"24":2,"25":0,"26":0,"27":0,"28":0,"29":0,"30":0,"31":0,"32":2,"33":0,"34":0,"35":0,"36":0,"37":0,"38":0,"39":2},"f":{"0":0,"1":0,"2":0,"3":0,"4":0},"b":{"0":[0,0],"1":[0,0],"2":[0,0]},"_coverageSchema":"1a1c01bbd47fc00a2c39e90264f33305004495a9","hash":"827f9293dc5d6910554cebe14bf84e63b23ed8d5"}
}
